0 info it worked if it ends with ok
1 verbose cli [ '/usr/bin/node', '/usr/bin/npm', 'run', 'api' ]
2 info using npm@3.5.2
3 info using node@v6.11.4
4 verbose run-script [ 'preapi', 'api', 'postapi' ]
5 info lifecycle chef-assistant@1.0.0~preapi: chef-assistant@1.0.0
6 silly lifecycle chef-assistant@1.0.0~preapi: no script for preapi, continuing
7 info lifecycle chef-assistant@1.0.0~api: chef-assistant@1.0.0
8 verbose lifecycle chef-assistant@1.0.0~api: unsafe-perm in lifecycle true
9 verbose lifecycle chef-assistant@1.0.0~api: PATH: /usr/share/npm/bin/node-gyp-bin:/home/sabpsu/Pulpit/Chef Assistant/node_modules/.bin:/usr/local/sbin:/usr/local/bin:/usr/sbin:/usr/bin:/sbin:/bin:/usr/games:/usr/local/games:/snap/bin
10 verbose lifecycle chef-assistant@1.0.0~api: CWD: /home/sabpsu/Pulpit/Chef Assistant
11 silly lifecycle chef-assistant@1.0.0~api: Args: [ '-c', 'json-server --watch db.json' ]
12 silly lifecycle chef-assistant@1.0.0~api: Returned: code: 1  signal: null
13 info lifecycle chef-assistant@1.0.0~api: Failed to exec api script
14 verbose stack Error: chef-assistant@1.0.0 api: `json-server --watch db.json`
14 verbose stack Exit status 1
14 verbose stack     at EventEmitter.<anonymous> (/usr/share/npm/lib/utils/lifecycle.js:232:16)
14 verbose stack     at emitTwo (events.js:106:13)
14 verbose stack     at EventEmitter.emit (events.js:191:7)
14 verbose stack     at ChildProcess.<anonymous> (/usr/share/npm/lib/utils/spawn.js:24:14)
14 verbose stack     at emitTwo (events.js:106:13)
14 verbose stack     at ChildProcess.emit (events.js:191:7)
14 verbose stack     at maybeClose (internal/child_process.js:920:16)
14 verbose stack     at Process.ChildProcess._handle.onexit (internal/child_process.js:230:5)
15 verbose pkgid chef-assistant@1.0.0
16 verbose cwd /home/sabpsu/Pulpit/Chef Assistant
17 error Linux 4.13.0-25-generic
18 error argv "/usr/bin/node" "/usr/bin/npm" "run" "api"
19 error node v6.11.4
20 error npm  v3.5.2
21 error code ELIFECYCLE
22 error chef-assistant@1.0.0 api: `json-server --watch db.json`
22 error Exit status 1
23 error Failed at the chef-assistant@1.0.0 api script 'json-server --watch db.json'.
23 error Make sure you have the latest version of node.js and npm installed.
23 error If you do, this is most likely a problem with the chef-assistant package,
23 error not with npm itself.
23 error Tell the author that this fails on your system:
23 error     json-server --watch db.json
23 error You can get information on how to open an issue for this project with:
23 error     npm bugs chef-assistant
23 error Or if that isn't available, you can get their info via:
23 error     npm owner ls chef-assistant
23 error There is likely additional logging output above.
24 verbose exit [ 1, true ]
